Starting Klippy...
Args: ['/home/pi/klipper/klippy/klippy.py', '/home/pi/klipper_config/printer.cfg', '-l', '/home/pi/klipper_logs/klippy.log', '-a', '/tmp/klippy_uds']
Git version: 'v0.11.0-159-gfec7ddd8'
CPU: 4 core ARMv7 Processor rev 4 (v7l)
Python: '2.7.16 (default, Oct 10 2019, 22:02:15) \n[GCC 8.3.0]'
Start printer at Wed Apr  5 20:32:21 2023 (1680741141.4 63.6)
===== Config file =====
[neopixel Chamber_Lights]
pin = gpio24
chain_count = 22
color_order = GRB
initial_red = 0.0
initial_green = 0.0
initial_blue = 0.0

[fan_generic Nevermore]
pin = gpio20
max_power = 1.0

[servo NozzleBrush]
pin = gpio29
initial_angle = 0
maximum_servo_angle = 180
minimum_pulse_width = 0.002
maximum_pulse_width = 0.0035

[gcode_macro Manual_Bed_Tramming]
gcode = 
	CG28                                                   ; Conditional Homing
	BED_SCREWS_ADJUST

[gcode_macro Purgeblob]
gcode = 
	{% set bedtemp = params.BED|int %}
	{% set hotendtemp = params.HOTEND|int %}
	{% set chambertemp = params.CHAMBER|default(0)|int %}
	M190 S{bedtemp}                                        ; Wait for bed to heat
	G92 E0                                                 ; Zero the extruder
	G90                                                    ; Absolute positioning
	G1 X5 Y0 Z1 F1800                                      ; Go to start pos for perge line
	G1 Z0.4 F600                                           ; Lower to purge height
	G91                                                    ; Relative positioning
	M109 S{hotendtemp}                                     ; Wait for extruder to heat
	G1 X5 E40 F40                                          ; Extrude blob of filament on the bed
	G1 X20 Z5 F100                                         ; Slow drag away from the blob with fans helping cool and break strings. Also raize z so the blob clears the fan duct
	G1 X5 Z-5.1 F9000                                      ; Now that the blob has cleared the duct we go back down for a short 0.3mm height extrusion
	G1 X5 E2 F180                                          ; Slow 5mm extrude move to help with stringing
	G1 X30 E-1 F6000                                       ; Fast move and retract to break strings and reduce ooze
	G1 Z1 F100                                             ; Lift
	M104 P0 S0                                             ; Disable Cooling Fan
	G92 E0                                                 ; Zero the extruder
	G90

[gcode_macro CG28]
gcode = 
	STATUS_HOMING
	{% if "xyz" not in printer.toolhead.homed_axes %}
	G28
	{% endif %}
	STATUS_READY

[gcode_macro Off]
gcode = 
	M84                                                     ; turn steppers off
	TURN_OFF_HEATERS                                        ; turn bed / hotend off
	M107                                                    ; turn print cooling fan off
	status_off

[gcode_macro Display_Printhead]
gcode = 
	CG28                                                    ; Conditional Home
	G90                                                     ; Absolute Positioning
	G1 X60 Y0 Z100 F5000                                    ; Move bed down and printhead to front-center

[gcode_macro Park]
gcode = 
	CG28                                                   ; Conditional Home
	G90                                                    ; Absolute Positioning
	G1 X60 Y115 Z100 F5000                                 ; Move Bed down and printhead to rear-center

[gcode_macro BRUSH_IN]
gcode = 
	SET_SERVO SERVO=NozzleBrush ANGLE=0
	SET_SERVO SERVO=NozzleBrush WIDTH=0

[gcode_macro BRUSH_OUT]
gcode = 
	SET_SERVO SERVO=NozzleBrush ANGLE=70

[gcode_macro CLEAN_NOZZLE]
gcode = 
	CG28
	G90
	G1 X2 Y70 Z25 F5000
	BRUSH_OUT                                                ; set brush servo to up position
	G1 Y80 F3600                                             ; toolhead moves back and forth across the brush
	G1 Y110 F5000                                            ; speed increase
	G1 X4.5 F5000
	G1 Y80 F5000
	G1 X6.5 F5000
	G1 Y110 F5000                                            ; speed decrease
	G1 X9 F3600
	G1 Y80 F3600
	BRUSH_IN                                                 ; set brush servo to down position

[gcode_macro PRINT_END_NOZZLE_CLEAN]
gcode = 
	G90
	G1 X2 Y70 Z25 F5000
	BRUSH_OUT                                              ; set brush servo to up position
	G1 Y80 F3600                                           ; toolhead moves back and forth across the brush
	G1 Y110 F5000                                          ; speed increase
	G1 X4.5 F5000
	G1 Y80 F5000
	G1 X6.5 F5000
	G1 Y110 F5000                                          ; speed decrease
	G1 X9 F3600
	G1 Y80 F3600
	BRUSH_IN                                               ; set brush servo to down position

[gcode_macro Preheat_PLA]
gcode = 
	STATUS_HEATING
	SET_FAN_SPEED FAN=Nevermore Speed=.75
	SET_HEATER_TEMPERATURE HEATER=extruder TARGET=190
	SET_HEATER_TEMPERATURE HEATER=heater_bed TARGET=70

[gcode_macro Preheat_PETG]
gcode = 
	STATUS_HEATING
	SET_FAN_SPEED FAN=Nevermore SPEED=.75
	SET_HEATER_TEMPERATURE HEATER=extruder TARGET=160
	SET_HEATER_TEMPERATURE HEATER=heater_bed TARGET=80

[gcode_macro Preheat_ABS]
gcode = 
	STATUS_HEATING
	SET_FAN_SPEED FAN=Nevermore SPEED=.75
	SET_HEATER_TEMPERATURE HEATER=extruder TARGET=160
	SET_HEATER_TEMPERATURE HEATER=heater_bed TARGET=100

[gcode_macro PRINT_START]
gcode = 
	{% set bedtemp = params.BED|int %}
	{% set hotendtemp = params.HOTEND|int %}
	{% set chambertemp = params.CHAMBER|default(0)|int %}
	CG28                                                   ; conditional homing
	SET_FAN_SPEED FAN=Nevermore SPEED=0.75
	STATUS_HEATING
	M190 S{bedtemp}                                        ; Wait for bed to heat
	G92 E0                                                 ; Zero the extruder
	G90                                                    ; Absolute positioning
	M109 S{hotendtemp}                                     ; Wait for extruder to heat
	CLEAN_NOZZLE
	G92 E0                                                 ; Zero the extruder
	STATUS_PRINTING

[gcode_macro PRINT_END]
gcode = 
	M400                                                   ; wait for buffer to clear
	G92 E0                                                 ; zero the extruder
	G1 E-4.0 F3600                                         ; retract filament
	G91                                                    ; relative positioning
	{% set max_x = printer.configfile.config["stepper_x"]["position_max"]|float %}
	{% set max_y = printer.configfile.config["stepper_y"]["position_max"]|float %}
	{% set max_z = printer.configfile.config["stepper_z"]["position_max"]|float %}
	{% if printer.toolhead.position.x < (max_x - 20) %}
	{% set x_safe = 20.0 %}
	{% else %}
	{% set x_safe = -20.0 %}
	{% endif %}
	{% if printer.toolhead.position.y < (max_y - 20) %}
	{% set y_safe = 20.0 %}
	{% else %}
	{% set y_safe = -20.0 %}
	{% endif %}
	{% if printer.toolhead.position.z < (max_z - 2) %}
	{% set z_safe = 2.0 %}
	{% else %}
	{% set z_safe = max_z - printer.toolhead.position.z %}
	{% endif %}
	G0 Z{z_safe} F3600                                     ; move nozzle up
	G0 X{x_safe} Y{y_safe} F20000                          ; move nozzle to remove stringing
	TURN_OFF_HEATERS                                       ; Turn off heaters
	M107                                                   ; turn off fan
	G90                                                    ; Absolute positioning
	G1 Z100 F5000                                          ; Move bed down in preperation to clean nozzle
	PRINT_END_NOZZLE_CLEAN                                 ; Macro for end of print nozzle cleaning
	G1 X60 Y115 F5000                                      ; Move Bed down and printhead to rear-center
	STATUS_PART_READY
	; Pause

[gcode_macro PAUSE]
rename_existing = PAUSE_BASE
gcode = 
	PAUSE_BASE
	_TOOLHEAD_PARK_PAUSE_CANCEL
description = Pause the actual running print

[gcode_macro RESUME]
rename_existing = RESUME_BASE
variable_zhop = 0
variable_etemp = 0
gcode = 
	{% set extrude = printer['gcode_macro _TOOLHEAD_PARK_PAUSE_CANCEL'].extrude %}
	{% if 'VELOCITY' in params|upper %}
	{% set get_params = ('VELOCITY=' + params.VELOCITY)  %}
	{%else %}
	{% set get_params = "" %}
	{% endif %}
	{% if printer.extruder.can_extrude|lower == 'true' %}
	M83
	G1 E{extrude} F2100
	{% if printer.gcode_move.absolute_extrude |lower == 'true' %} M82 {% endif %}
	{% else %}
	{action_respond_info("Extruder not hot enough")}
	{% endif %}
	RESUME_BASE {get_params}
description = Resume the actual running print

[gcode_macro LOAD_FILAMENT]
gcode = 
	M83                                                     ; set extruder to relative
	G1 E30 F300                                             ; load
	G1 E50 F150                                             ; prime nozzle with filament
	M82                                                     ; set extruder to absolute

[gcode_macro UNLOAD_FILAMENT]
gcode = 
	M83                                                     ; set extruder to relative
	G1 E10 F300                                             ; extrude a little to soften tip
	G1 E-40 F1800                                           ; retract some, but not too much or it will jam
	M82                                                     ; set extruder to absolute

[gcode_macro TEST_SPEED]
gcode = 
	{% set speed  = params.SPEED|default(printer.configfile.settings.printer.max_velocity)|int %}
	{% set iterations = params.ITERATIONS|default(5)|int %}
	{% set accel  = params.ACCEL|default(printer.configfile.settings.printer.max_accel)|int %}
	{% set bound = params.BOUND|default(20)|int %}
	{% set smallpatternsize = SMALLPATTERNSIZE|default(20)|int %}
	{% set x_min = printer.toolhead.axis_minimum.x + bound %}
	{% set x_max = printer.toolhead.axis_maximum.x - bound %}
	{% set y_min = printer.toolhead.axis_minimum.y + bound %}
	{% set y_max = printer.toolhead.axis_maximum.y - bound %}
	{% set x_center = (printer.toolhead.axis_minimum.x|float + printer.toolhead.axis_maximum.x|float ) / 2 %}
	{% set y_center = (printer.toolhead.axis_minimum.y|float + printer.toolhead.axis_maximum.y|float ) / 2 %}
	{% set x_center_min = x_center - (smallpatternsize/2) %}
	{% set x_center_max = x_center + (smallpatternsize/2) %}
	{% set y_center_min = y_center - (smallpatternsize/2) %}
	{% set y_center_max = y_center + (smallpatternsize/2) %}
	SAVE_GCODE_STATE NAME=TEST_SPEED
	{ action_respond_info("TEST_SPEED: starting %d iterations at speed %d, accel %d" % (iterations, speed, accel)) }
	G28
	{% if printer.configfile.settings.quad_gantry_level %}
	{% if printer.quad_gantry_level.applied == False %}
	QUAD_GANTRY_LEVEL
	G28 Z
	{% endif %}
	{% endif %}
	G90
	G1 X{printer.toolhead.axis_maximum.x-50} Y{printer.toolhead.axis_maximum.y-50} F{30*60}
	G28 X Y
	G0 X{printer.toolhead.axis_maximum.x-1} Y{printer.toolhead.axis_maximum.y-1} F{30*60}
	G4 P1000
	GET_POSITION
	G0 X{x_min} Y{y_min} Z{bound + 10} F{speed*60}
	SET_VELOCITY_LIMIT VELOCITY={speed} ACCEL={accel} ACCEL_TO_DECEL={accel / 2}
	{% for i in range(iterations) %}
	G0 X{x_min} Y{y_min} F{speed*60}
	G0 X{x_max} Y{y_max} F{speed*60}
	G0 X{x_min} Y{y_min} F{speed*60}
	G0 X{x_max} Y{y_min} F{speed*60}
	G0 X{x_min} Y{y_max} F{speed*60}
	G0 X{x_max} Y{y_min} F{speed*60}
	G0 X{x_min} Y{y_min} F{speed*60}
	G0 X{x_min} Y{y_max} F{speed*60}
	G0 X{x_max} Y{y_max} F{speed*60}
	G0 X{x_max} Y{y_min} F{speed*60}
	G0 X{x_center_min} Y{y_center_min} F{speed*60}
	G0 X{x_center_max} Y{y_center_max} F{speed*60}
	G0 X{x_center_min} Y{y_center_min} F{speed*60}
	G0 X{x_center_max} Y{y_center_min} F{speed*60}
	G0 X{x_center_min} Y{y_center_max} F{speed*60}
	G0 X{x_center_max} Y{y_center_min} F{speed*60}
	G0 X{x_center_min} Y{y_center_min} F{speed*60}
	G0 X{x_center_min} Y{y_center_max} F{speed*60}
	G0 X{x_center_max} Y{y_center_max} F{speed*60}
	G0 X{x_center_max} Y{y_center_min} F{speed*60}
	{% endfor %}
	SET_VELOCITY_LIMIT VELOCITY={printer.configfile.settings.printer.max_velocity} ACCEL={printer.configfile.settings.printer.max_accel} ACCEL_TO_DECEL={printer.configfile.settings.printer.max_accel_to_decel}
	G28
	G90
	G0 X{printer.toolhead.axis_maximum.x-1} Y{printer.toolhead.axis_maximum.y-1} F{30*60}
	G4 P1000
	GET_POSITION
	RESTORE_GCODE_STATE NAME=TEST_SPEED

[virtual_sdcard]
path = /home/pi/gcode_files

[pause_resume]

[display_status]

[gcode_macro CANCEL_PRINT]
description = Cancel the actual running print
rename_existing = CANCEL_PRINT_BASE
variable_park = True
gcode = 
	{% if printer.pause_resume.is_paused|lower == 'false' and park|lower == 'true'%}
	_TOOLHEAD_PARK_PAUSE_CANCEL
	{% endif %}
	TURN_OFF_HEATERS
	CANCEL_PRINT_BASE

[gcode_macro _TOOLHEAD_PARK_PAUSE_CANCEL]
description = Helper: park toolhead used in PAUSE and CANCEL_PRINT
variable_extrude = 1.0
gcode = 
	{% set x_park = printer.toolhead.axis_maximum.x|float - 5.0 %}
	{% set y_park = printer.toolhead.axis_maximum.y|float - 5.0 %}
	{% set z_park_delta = 2.0 %}
	{% set max_z = printer.toolhead.axis_maximum.z|float %}
	{% set act_z = printer.toolhead.position.z|float %}
	{% if act_z < (max_z - z_park_delta) %}
	{% set z_safe = z_park_delta %}
	{% else %}
	{% set z_safe = max_z - act_z %}
	{% endif %}
	{% if printer.extruder.can_extrude|lower == 'true' %}
	M83
	G1 E-{extrude} F2100
	{% if printer.gcode_move.absolute_extrude |lower == 'true' %} M82 {% endif %}
	{% else %}
	{action_respond_info("Extruder not hot enough")}
	{% endif %}
	{% if "xyz" in printer.toolhead.homed_axes %}
	G91
	G1 Z{z_safe} F900
	G90
	G1 X{x_park} Y{y_park} F6000
	{% if printer.gcode_move.absolute_coordinates|lower == 'false' %} G91 {% endif %}
	{% else %}
	{action_respond_info("Printer not homed")}
	{% endif %}

[led_effect startup]
autostart = true
frame_rate = 10
leds = 
	neopixel:Chamber_Lights
layers = 
	linearfade 4 1 top (0,.01,0),(0,.3,0)

[led_effect chamber_busy]
autostart = false
frame_rate = 24
leds = 
	neopixel:Chamber_Lights (1-20)
layers = 
	breathing  3 1 top (1,0,0)

[led_effect chamber_cleaning]
autostart = false
frame_rate = 24
leds = 
	neopixel:Chamber_Lights (1-20)
layers = 
	breathing  3 1 top (0.0, 0.02, 0.5)

[led_effect chamber_heating]
autostart = false
frame_rate = 24
leds = 
	neopixel:Chamber_Lights (1,2,3,4,5,6,7,8,9,10,20,19,18,17,16,15,14,13,12,11)
layers = 
	static  0.3  0 top (.1, 0.1, 0.1)

[led_effect chamber_cooling]
leds = 
	neopixel:Chamber_Lights (1,2,3,4,5,6,7,8,9,10,20,19,18,17,16,15,14,13,12,11)
autostart = false
frame_rate = 24
layers = 
	comet  0.3  0 add (0, 0, 1)

[led_effect chamber_homing]
autostart = false
frame_rate = 24
leds = 
	neopixel:Chamber_Lights (1-20)
layers = 
	twinkle  10 1 top (0,.1,0)

[led_effect chamber_printing]
autostart = false
frame_rate = 24
leds = 
	neopixel:Chamber_Lights (1-20)
layers = 
	gradient  0.3  1 add (0.3, 0.0, 0.0),(0.3, 0.3, 0.0),(0.3, 0.1, 0.0)

[led_effect chamber_standby]
autostart = false
frame_rate = 24
leds = 
	neopixel:Chamber_Lights (1-20)
layers = 
	breathing  3 1 top (0.01, 0.01, 0.01)

[led_effect chamber_part_ready]
autostart = false
frame_rate = 24
leds = 
	neopixel:Chamber_Lights (1-20)
layers = 
	breathing  3 1 top (0.0, 1.0, 0.0)

[led_effect bed_heating]
autostart = false
frame_rate = 24
leds = 
	neopixel:Chamber_Lights (21)
layers = 
	linearfade 10 1 top (.2, 0, 0.0),(.01,0,0)

[led_effect bed_cooling]
autostart = false
frame_rate = 24
leds = 
	neopixel:Chamber_Lights (21)
layers = 
	breathing  10 1 top (0.0, 0.0, 1.0)

[led_effect bed_standby]
autostart = false
frame_rate = 24
leds = 
	neopixel:Chamber_Lights (21)
layers = 
	breathing  3 1 top (0.6, 0.0, 0.0)

[led_effect bed_part_ready]
autostart = false
frame_rate = 24
leds = 
	neopixel:Chamber_Lights (21)
layers = 
	breathing  3 1 top (0.6, 1.0, 0.0)

[led_effect critical_error]
leds = 
	neopixel:Chamber_Lights
layers = 
	strobe         1  1.5   add        (1.0,  1.0, 1.0)
	breathing      2  0     difference (0.95, 0.0, 0.0)
	static         1  0     top        (1.0,  0.0, 0.0)
autostart = false
frame_rate = 24
run_on_error = true

[led_effect rainbow]
leds = 
	neopixel:Chamber_Lights
autostart = false
frame_rate = 24
layers = 
	gradient  0.3  1 add (0.3, 0.0, 0.0),(0.0, 0.3, 0.0),(0.0, 0.0, 0.3)

[gcode_macro set_logo_leds_off]
gcode = 
	SET_LED_EFFECT EFFECT=set_logo_leds STOP=1

[gcode_macro set_logo_leds_on]
gcode = 
	SET_LED_EFFECT EFFECT=set_logo_leds

[gcode_macro set_nozzle_leds_off]
gcode = 
	SET_LED_EFFECT EFFECT=set_nozzle_leds STOP=1

[gcode_macro status_off]
gcode = 
	STOP_LED_EFFECTS
	SET_PIN PIN=Toolhead VALUE=0

[gcode_macro status_ready]
gcode = 
	STOP_LED_EFFECTS
	SET_LED_EFFECT EFFECT=rainbow
	SET_PIN PIN=Toolhead VALUE=1

[gcode_macro status_part_ready]
gcode = 
	STOP_LED_EFFECTS
	SET_LED_EFFECT EFFECT=bed_part_ready
	SET_LED_EFFECT EFFECT=chamber_part_ready

[gcode_macro status_busy]
gcode = 
	STOP_LED_EFFECTS
	SET_LED_EFFECT EFFECT=chamber_busy

[gcode_macro status_heating]
gcode = 
	STOP_LED_EFFECTS
	SET_LED_EFFECT EFFECT=chamber_heating
	SET_LED_EFFECT EFFECT=bed_heating

[gcode_macro status_cooling]
gcode = 
	STOP_LED_EFFECTS
	SET_LED_EFFECT EFFECT=bed_cooling

[gcode_macro status_leveling]
gcode = 
	STOP_LED_EFFECTS
	SET_LED_EFFECT EFFECT=chamber_leveling

[gcode_macro status_homing]
gcode = 
	STOP_LED_EFFECTS
	SET_LED_EFFECT EFFECT=chamber_homing

[gcode_macro status_loading]
gcode = 
	STOP_LED_EFFECTS
	SET_LED_EFFECT EFFECT=chamber_cleaning

[gcode_macro status_meshing]
gcode = 
	STOP_LED_EFFECTS
	SET_LED_EFFECT EFFECT=chamber_meshing

[gcode_macro status_calibrating_z]
gcode = 
	STOP_LED_EFFECTS
	SET_LED_EFFECT EFFECT=chamber_calibrating_z

[gcode_macro status_printing]
gcode = 
	STOP_LED_EFFECTS
	SET_LED_EFFECT EFFECT=chamber_printing

[mcu pico]
serial = /dev/serial/by-id/usb-Klipper_rp2040_E6614C311B6F2236-if00

[adxl345]
cs_pin = pico:gpio1
spi_bus = spi0a
axes_map = x,z,y

[resonance_tester]
accel_chip = adxl345
probe_points = 60,60, 20

[output_pin Toolhead]
pin = pico:gpio13

[gcode_macro Toggle_Light]
gcode = 
	SET_PIN PIN=Toolhead VALUE={(not printer['output_pin Toolhead'].value)|int}

[gcode_macro _HOME_X]
gcode = 
	{% set RUN_CURRENT_X = printer.configfile.settings['tmc2209 stepper_x'].run_current|float %}
	{% set RUN_CURRENT_Y = printer.configfile.settings['tmc2209 stepper_y'].run_current|float %}
	{% set HOME_CURRENT = 0.7 %}
	SET_TMC_CURRENT STEPPER=stepper_x CURRENT=0.5
	SET_TMC_CURRENT STEPPER=stepper_y CURRENT=0.5
	G28 X
	G91
	G1 X-10 F1200
	G4 P1000
	SET_TMC_CURRENT STEPPER=stepper_x CURRENT={RUN_CURRENT_X}
	SET_TMC_CURRENT STEPPER=stepper_y CURRENT={RUN_CURRENT_Y}

[gcode_macro _HOME_Y]
gcode = 
	{% set RUN_CURRENT_X = printer.configfile.settings['tmc2209 stepper_x'].run_current|float %}
	{% set RUN_CURRENT_Y = printer.configfile.settings['tmc2209 stepper_y'].run_current|float %}
	{% set HOME_CURRENT = 0.7 %}
	SET_TMC_CURRENT STEPPER=stepper_x CURRENT=0.5
	SET_TMC_CURRENT STEPPER=stepper_y CURRENT=0.5
	G28 Y
	G91
	G1 Y-10 F1200
	G4 P1000
	SET_TMC_CURRENT STEPPER=stepper_x CURRENT={RUN_CURRENT_X}
	SET_TMC_CURRENT STEPPER=stepper_y CURRENT={RUN_CURRENT_Y}

[mcu]
serial = /dev/ttyAMA0
restart_method = command

[temperature_sensor mcu_temp]
sensor_type = temperature_mcu
min_temp = 0
max_temp = 100

[temperature_sensor raspberry_pi]
sensor_type = temperature_host
min_temp = 10
max_temp = 100

[printer]
kinematics = corexy
max_velocity = 200
max_accel = 2000
max_z_velocity = 15
max_z_accel = 45
square_corner_velocity = 6.0

[stepper_x]
step_pin = gpio11
dir_pin = gpio10
enable_pin = !gpio12
rotation_distance = 40
microsteps = 32
full_steps_per_rotation = 200
endstop_pin = tmc2209_stepper_x:virtual_endstop
position_endstop = 121
position_min = 0
position_max = 121
homing_speed = 40
homing_retract_dist = 0
homing_positive_dir = true

[tmc2209 stepper_x]
uart_pin = gpio9
tx_pin = gpio8
uart_address = 0
interpolate = False
run_current = 0.7
sense_resistor = 0.110
stealthchop_threshold = 999999
diag_pin = ^gpio4
driver_sgthrs = 86

[stepper_y]
step_pin = gpio6
dir_pin = gpio5
enable_pin = !gpio7
rotation_distance = 40
microsteps = 32
full_steps_per_rotation = 200
endstop_pin = tmc2209_stepper_y:virtual_endstop
position_endstop = 121
position_min = 0
position_max = 121
homing_speed = 40
homing_retract_dist = 0
homing_positive_dir = true

[tmc2209 stepper_y]
uart_pin = gpio9
tx_pin = gpio8
uart_address = 2
interpolate = False
run_current = 0.7
sense_resistor = 0.110
stealthchop_threshold = 999999
diag_pin = ^gpio3
driver_sgthrs = 91

[stepper_z]
step_pin = gpio19
dir_pin = !gpio28
enable_pin = !gpio2
rotation_distance = 8
microsteps = 32
endstop_pin = ^gpio25
position_max = 120
position_min = -1.5
homing_speed = 20
second_homing_speed = 3.0
homing_retract_dist = 3.0
position_endstop = 117.200

[tmc2209 stepper_z]
uart_pin = gpio9
tx_pin = gpio8
uart_address = 1
interpolate = False
run_current = 0.37
sense_resistor = 0.110
stealthchop_threshold = 999999

[extruder]
step_pin = gpio14
dir_pin = gpio13
enable_pin = !gpio15
full_steps_per_rotation = 200
rotation_distance = 22.46
gear_ratio = 50:10
microsteps = 32
nozzle_diameter = 0.400
filament_diameter = 1.750
heater_pin = gpio23
sensor_type = Generic 3950
sensor_pin = gpio27
min_temp = 0
max_temp = 270
min_extrude_temp = 170
max_extrude_only_distance = 150
max_extrude_cross_section = 0.8
pressure_advance = 0.015
pressure_advance_smooth_time = 0.040
control = pid
pid_kp = 19.249
pid_ki = 0.746
pid_kd = 124.156

[tmc2209 extruder]
uart_pin = gpio9
tx_pin = gpio8
uart_address = 3
interpolate = False
run_current = 0.3
sense_resistor = 0.110
stealthchop_threshold = 0

[heater_bed]
heater_pin = gpio21
sensor_type = NTC 100K MGB18-104F39050L32
sensor_pin = gpio26
smooth_time = 3.0
min_temp = 0
max_temp = 120
control = pid
pid_kp = 63.989
pid_ki = 2.012
pid_kd = 508.715

[heater_fan hotend_fan]
pin = gpio18
max_power = 1.0
kick_start_time = 0.5
heater = extruder

[fan]
pin = gpio17
max_power = 1.0
kick_start_time = 0.5
off_below = 0.13
cycle_time = 0.010

[idle_timeout]
timeout = 1800

[homing_override]
axes = xyz
gcode = 
	{% set home_all = 'X' not in params and 'Y' not in params and 'Z' not in params %}
	{% if home_all or 'X' in params %}
	_HOME_X
	{% endif %}
	{% if home_all or 'Y' in params %}
	_HOME_Y
	{% endif %}
	{% if home_all or 'Z' in params %}
	G28 Z
	G1 Z-10
	{% endif %}

[bed_screws]
screw1 = 58,3
screw1_name = front screw
screw2 = 3,111
screw2_name = back left
screw3 = 113,111
screw3_name = back right
=======================
Extruder max_extrude_ratio=0.332601
mcu 'mcu': Starting serial connect
webhooks client 1966112400: New connection
webhooks client 1966112400: Client info {'program': 'Moonraker', 'version': 'v0.8.0-30-g110cbd1'}
mcu 'mcu': got {'#receive_time': 65.304431277, u'next_clock': 838080000, u'oid': 14, u'value': 7057, '#name': u'analog_in_state', '#sent_time': 65.28769164100001}
mcu 'mcu': got {'#receive_time': 65.314431745, u'next_clock': 838200000, u'oid': 15, u'value': 31440, '#name': u'analog_in_state', '#sent_time': 65.28769164100001}
mcu 'mcu': got {'#receive_time': 65.38443513099999, u'next_clock': 839040000, u'oid': 22, u'value': 31433, '#name': u'analog_in_state', '#sent_time': 65.340136277}
Loaded MCU 'mcu' 89 commands (v0.10.0-181-ge9c37688 / gcc: (15:9-2019-q4-0ubuntu1) 9.2.1 20191025 (release) [ARM/arm-9-branch revision 277599] binutils: (2.34-4ubuntu1+13ubuntu1) 2.34)
MCU 'mcu' config: RECEIVE_WINDOW=192 BUS_PINS_spi0a=gpio0,gpio3,gpio2 BUS_PINS_spi0b=gpio4,gpio7,gpio6 BUS_PINS_spi0c=gpio16,gpio19,gpio18 BUS_PINS_spi0d=gpio20,gpio23,gpio22 SERIAL_BAUD=250000 STEPPER_BOTH_EDGE=1 ADC_MAX=4095 PWM_MAX=255 CLOCK_FREQ=12000000 MCU=rp2040 BUS_PINS_spi1c=gpio24,gpio27,gpio26 BUS_PINS_spi1b=gpio12,gpio15,gpio14 BUS_PINS_spi1a=gpio8,gpio11,gpio10 STATS_SUMSQ_BASE=256
mcu 'pico': Starting serial connect
mcu 'mcu': got {'#receive_time': 65.604483047, u'next_clock': 841680000, u'oid': 14, u'value': 7059, '#name': u'analog_in_state', '#sent_time': 65.601202058}
mcu 'mcu': got {'#receive_time': 65.614467475, u'next_clock': 841800000, u'oid': 15, u'value': 31439, '#name': u'analog_in_state', '#sent_time': 65.61072226600001}
mcu 'mcu': got {'#receive_time': 65.684484245, u'next_clock': 842640000, u'oid': 22, u'value': 31432, '#name': u'analog_in_state', '#sent_time': 65.61072226600001}
mcu 'mcu': got {'#receive_time': 65.904471537, u'next_clock': 845280000, u'oid': 14, u'value': 7059, '#name': u'analog_in_state', '#sent_time': 65.61072226600001}
mcu 'mcu': got {'#receive_time': 65.914333308, u'next_clock': 845400000, u'oid': 15, u'value': 31438, '#name': u'analog_in_state', '#sent_time': 65.61072226600001}
mcu 'mcu': got {'#receive_time': 65.984421016, u'next_clock': 846240000, u'oid': 22, u'value': 31432, '#name': u'analog_in_state', '#sent_time': 65.61072226600001}
mcu 'mcu': got {'#receive_time': 66.204412422, u'next_clock': 848880000, u'oid': 14, u'value': 7059, '#name': u'analog_in_state', '#sent_time': 65.61072226600001}
mcu 'mcu': got {'#receive_time': 66.21441221399999, u'next_clock': 849000000, u'oid': 15, u'value': 31440, '#name': u'analog_in_state', '#sent_time': 65.61072226600001}
mcu 'mcu': got {'#receive_time': 66.284415235, u'next_clock': 849840000, u'oid': 22, u'value': 31432, '#name': u'analog_in_state', '#sent_time': 65.61072226600001}
Loaded MCU 'pico' 105 commands (v0.11.0-124-gb2178f49 / gcc: (15:7-2018-q2-6) 7.3.1 20180622 (release) [ARM/embedded-7-branch revision 261907] binutils: (2.31.1-11+rpi1+11) 2.31.1)
MCU 'pico' config: BUS_PINS_spi0a=gpio0,gpio3,gpio2 BUS_PINS_i2c0h=gpio28,gpio29 BUS_PINS_spi0c=gpio16,gpio19,gpio18 BUS_PINS_spi0d=gpio20,gpio23,gpio22 BUS_PINS_i2c0b=gpio4,gpio5 BUS_PINS_i2c0c=gpio8,gpio9 BUS_PINS_i2c1c=gpio10,gpio11 BUS_PINS_i2c0a=gpio0,gpio1 BUS_PINS_i2c0f=gpio20,gpio21 BUS_PINS_i2c0g=gpio24,gpio25 BUS_PINS_i2c1g=gpio26,gpio27 BUS_PINS_i2c0e=gpio16,gpio17 BUS_PINS_i2c0d=gpio12,gpio13 BUS_PINS_i2c1e=gpio18,gpio19 BUS_PINS_i2c1f=gpio22,gpio23 BUS_PINS_spi1c=gpio24,gpio27,gpio26 BUS_PINS_spi1b=gpio12,gpio15,gpio14 BUS_PINS_spi1a=gpio8,gpio11,gpio10 STATS_SUMSQ_BASE=256 BUS_PINS_i2c1d=gpio14,gpio15 BUS_PINS_i2c1b=gpio6,gpio7 STEPPER_BOTH_EDGE=1 BUS_PINS_i2c1a=gpio2,gpio3 ADC_MAX=4095 PWM_MAX=255 BUS_PINS_spi0b=gpio4,gpio7,gpio6 MCU=rp2040 CLOCK_FREQ=12000000
mcu_temperature 'mcu' nominal base=437.226612 slope=-1917.489831
Configured MCU 'mcu' (1024 moves)
Configured MCU 'pico' (1024 moves)
mcu 'pico': got {u'query_ticks': 304, u'buffered': 0, u'limit_count': 0, '#receive_time': 66.365086537, u'clock': 753028126, u'oid': 1, u'next_sequence': 0, u'fifo': 255, '#name': u'adxl345_status', '#sent_time': 66.363586745}
Starting heater checks for heater_bed
Starting heater checks for extruder
webhooks: registering remote method 'shutdown_machine' for connection id: 1966112400
webhooks: registering remote method 'reboot_machine' for connection id: 1966112400
webhooks: registering remote method 'pause_job_queue' for connection id: 1966112400
webhooks: registering remote method 'start_job_queue' for connection id: 1966112400
TEST_SPEED: starting 5 iterations at speed 200, accel 2000
Run Current: 0.49A Hold Current: 0.49A
Stats 74.0: gcodein=0  mcu: mcu_awake=0.033 mcu_task_avg=0.000081 mcu_task_stddev=0.000209 bytes_write=8494 bytes_read=7838 bytes_retransmit=0 bytes_invalid=0 send_seq=378 receive_seq=378 retransmit_seq=0 srtt=0.001 rttvar=0.000 rto=0.025 ready_bytes=0 stalled_bytes=14 freq=12000303 pico: mcu_awake=0.000 mcu_task_avg=0.000003 mcu_task_stddev=0.000003 bytes_write=787 bytes_read=4215 bytes_retransmit=9 bytes_invalid=0 send_seq=106 receive_seq=106 retransmit_seq=2 srtt=0.001 rttvar=0.000 rto=0.025 ready_bytes=0 stalled_bytes=0 freq=11999901 adj=11999807  mcu_temp: temp=24.3 raspberry_pi: temp=32.2 heater_bed: target=0 temp=22.6 pwm=0.000 sysload=1.24 cputime=3.314 memavail=622848 print_time=78.317 buffer_time=0.112 print_stall=0 extruder: target=0 temp=22.5 pwm=0.000
Run Current: 0.49A Hold Current: 0.49A
['x']
Stats 75.0: gcodein=0  mcu: mcu_awake=0.033 mcu_task_avg=0.000081 mcu_task_stddev=0.000209 bytes_write=10632 bytes_read=9246 bytes_retransmit=0 bytes_invalid=0 send_seq=470 receive_seq=470 retransmit_seq=0 srtt=0.001 rttvar=0.000 rto=0.025 ready_bytes=0 stalled_bytes=0 freq=12000295 pico: mcu_awake=0.000 mcu_task_avg=0.000003 mcu_task_stddev=0.000003 bytes_write=793 bytes_read=4231 bytes_retransmit=9 bytes_invalid=0 send_seq=107 receive_seq=107 retransmit_seq=2 srtt=0.001 rttvar=0.000 rto=0.025 ready_bytes=0 stalled_bytes=0 freq=11999886 adj=11999747  mcu_temp: temp=24.5 raspberry_pi: temp=32.2 heater_bed: target=0 temp=22.6 pwm=0.000 sysload=1.24 cputime=3.509 memavail=622848 print_time=79.392 buffer_time=0.000 print_stall=0 extruder: target=0 temp=22.5 pwm=0.000
Stats 76.0: gcodein=0  mcu: mcu_awake=0.041 mcu_task_avg=0.000087 mcu_task_stddev=0.000218 bytes_write=12240 bytes_read=10143 bytes_retransmit=0 bytes_invalid=0 send_seq=530 receive_seq=530 retransmit_seq=0 srtt=0.001 rttvar=0.000 rto=0.025 ready_bytes=0 stalled_bytes=14 freq=12000281 pico: mcu_awake=0.000 mcu_task_avg=0.000003 mcu_task_stddev=0.000003 bytes_write=799 bytes_read=4247 bytes_retransmit=9 bytes_invalid=0 send_seq=108 receive_seq=108 retransmit_seq=2 srtt=0.001 rttvar=0.000 rto=0.025 ready_bytes=0 stalled_bytes=0 freq=11999880 adj=11999668  mcu_temp: temp=24.3 raspberry_pi: temp=32.2 heater_bed: target=0 temp=22.6 pwm=0.000 sysload=1.22 cputime=3.669 memavail=622848 print_time=81.758 buffer_time=1.552 print_stall=0 extruder: target=0 temp=22.5 pwm=0.000
Stats 77.0: gcodein=0  mcu: mcu_awake=0.041 mcu_task_avg=0.000087 mcu_task_stddev=0.000218 bytes_write=13156 bytes_read=10550 bytes_retransmit=0 bytes_invalid=0 send_seq=561 receive_seq=561 retransmit_seq=0 srtt=0.001 rttvar=0.000 rto=0.025 ready_bytes=0 stalled_bytes=14 freq=12000278 pico: mcu_awake=0.000 mcu_task_avg=0.000003 mcu_task_stddev=0.000003 bytes_write=805 bytes_read=4263 bytes_retransmit=9 bytes_invalid=0 send_seq=109 receive_seq=109 retransmit_seq=2 srtt=0.001 rttvar=0.000 rto=0.025 ready_bytes=0 stalled_bytes=0 freq=11999875 adj=11999629  mcu_temp: temp=24.6 raspberry_pi: temp=32.2 heater_bed: target=0 temp=22.6 pwm=0.000 sysload=1.22 cputime=3.776 memavail=622848 print_time=81.758 buffer_time=0.551 print_stall=0 extruder: target=0 temp=22.5 pwm=0.000
Run Current: 0.70A Hold Current: 0.70A
Run Current: 0.70A Hold Current: 0.70A
Stats 78.0: gcodein=0  mcu: mcu_awake=0.041 mcu_task_avg=0.000087 mcu_task_stddev=0.000218 bytes_write=14189 bytes_read=11102 bytes_retransmit=0 bytes_invalid=0 send_seq=599 receive_seq=599 retransmit_seq=0 srtt=0.001 rttvar=0.000 rto=0.025 ready_bytes=0 stalled_bytes=14 freq=12000274 pico: mcu_awake=0.000 mcu_task_avg=0.000003 mcu_task_stddev=0.000003 bytes_write=811 bytes_read=4279 bytes_retransmit=9 bytes_invalid=0 send_seq=110 receive_seq=110 retransmit_seq=2 srtt=0.001 rttvar=0.000 rto=0.025 ready_bytes=0 stalled_bytes=0 freq=11999879 adj=11999624  mcu_temp: temp=24.5 raspberry_pi: temp=32.2 heater_bed: target=0 temp=22.6 pwm=0.000 sysload=1.22 cputime=3.946 memavail=622848 print_time=82.335 buffer_time=0.128 print_stall=0 extruder: target=0 temp=22.5 pwm=0.000
Run Current: 0.49A Hold Current: 0.49A
Run Current: 0.49A Hold Current: 0.49A
['y']
Stats 79.0: gcodein=0  mcu: mcu_awake=0.041 mcu_task_avg=0.000087 mcu_task_stddev=0.000218 bytes_write=15694 bytes_read=11934 bytes_retransmit=0 bytes_invalid=0 send_seq=656 receive_seq=656 retransmit_seq=0 srtt=0.001 rttvar=0.000 rto=0.025 ready_bytes=0 stalled_bytes=0 freq=12000267 pico: mcu_awake=0.000 mcu_task_avg=0.000003 mcu_task_stddev=0.000003 bytes_write=817 bytes_read=4306 bytes_retransmit=9 bytes_invalid=0 send_seq=111 receive_seq=111 retransmit_seq=2 srtt=0.001 rttvar=0.000 rto=0.025 ready_bytes=0 stalled_bytes=0 freq=11999873 adj=11999649  mcu_temp: temp=24.6 raspberry_pi: temp=32.7 heater_bed: target=0 temp=22.6 pwm=0.000 sysload=1.22 cputime=4.077 memavail=622848 print_time=83.394 buffer_time=0.000 print_stall=0 extruder: target=0 temp=22.5 pwm=0.000
Stats 80.0: gcodein=0  mcu: mcu_awake=0.041 mcu_task_avg=0.000087 mcu_task_stddev=0.000218 bytes_write=17162 bytes_read=12732 bytes_retransmit=0 bytes_invalid=0 send_seq=716 receive_seq=716 retransmit_seq=0 srtt=0.001 rttvar=0.000 rto=0.025 ready_bytes=0 stalled_bytes=0 freq=12000261 pico: mcu_awake=0.000 mcu_task_avg=0.000003 mcu_task_stddev=0.000003 bytes_write=823 bytes_read=4322 bytes_retransmit=9 bytes_invalid=0 send_seq=112 receive_seq=112 retransmit_seq=2 srtt=0.001 rttvar=0.000 rto=0.025 ready_bytes=0 stalled_bytes=0 freq=11999872 adj=11999802  mcu_temp: temp=24.6 raspberry_pi: temp=32.2 heater_bed: target=0 temp=22.6 pwm=0.000 sysload=1.22 cputime=4.216 memavail=622852 print_time=84.456 buffer_time=0.248 print_stall=0 extruder: target=0 temp=22.5 pwm=0.000
Stats 81.0: gcodein=0  mcu: mcu_awake=0.041 mcu_task_avg=0.000087 mcu_task_stddev=0.000218 bytes_write=18392 bytes_read=13336 bytes_retransmit=0 bytes_invalid=0 send_seq=760 receive_seq=760 retransmit_seq=0 srtt=0.001 rttvar=0.000 rto=0.025 ready_bytes=0 stalled_bytes=14 freq=12000262 pico: mcu_awake=0.000 mcu_task_avg=0.000003 mcu_task_stddev=0.000003 bytes_write=829 bytes_read=4338 bytes_retransmit=9 bytes_invalid=0 send_seq=113 receive_seq=113 retransmit_seq=2 srtt=0.001 rttvar=0.000 rto=0.025 ready_bytes=0 stalled_bytes=0 freq=11999871 adj=11999775  mcu_temp: temp=24.7 raspberry_pi: temp=32.7 heater_bed: target=0 temp=22.6 pwm=0.000 sysload=1.20 cputime=4.346 memavail=622564 print_time=86.072 buffer_time=0.864 print_stall=0 extruder: target=0 temp=22.5 pwm=0.000
Run Current: 0.70A Hold Current: 0.70A
Stats 82.0: gcodein=0  mcu: mcu_awake=0.040 mcu_task_avg=0.000092 mcu_task_stddev=0.000224 bytes_write=19359 bytes_read=13801 bytes_retransmit=0 bytes_invalid=0 send_seq=793 receive_seq=793 retransmit_seq=0 srtt=0.001 rttvar=0.000 rto=0.025 ready_bytes=0 stalled_bytes=14 freq=12000263 pico: mcu_awake=0.000 mcu_task_avg=0.000003 mcu_task_stddev=0.000003 bytes_write=835 bytes_read=4354 bytes_retransmit=9 bytes_invalid=0 send_seq=114 receive_seq=114 retransmit_seq=2 srtt=0.001 rttvar=0.000 rto=0.025 ready_bytes=0 stalled_bytes=0 freq=11999873 adj=11999694  mcu_temp: temp=24.7 raspberry_pi: temp=32.2 heater_bed: target=0 temp=22.6 pwm=0.000 sysload=1.20 cputime=4.463 memavail=622604 print_time=86.340 buffer_time=0.131 print_stall=0 extruder: target=0 temp=22.5 pwm=0.000
Run Current: 0.70A Hold Current: 0.70A
['z']
Stats 83.0: gcodein=0  mcu: mcu_awake=0.040 mcu_task_avg=0.000092 mcu_task_stddev=0.000224 bytes_write=21131 bytes_read=14875 bytes_retransmit=0 bytes_invalid=0 send_seq=865 receive_seq=865 retransmit_seq=0 srtt=0.001 rttvar=0.000 rto=0.025 ready_bytes=0 stalled_bytes=0 freq=12000259 pico: mcu_awake=0.000 mcu_task_avg=0.000003 mcu_task_stddev=0.000003 bytes_write=841 bytes_read=4370 bytes_retransmit=9 bytes_invalid=0 send_seq=115 receive_seq=115 retransmit_seq=2 srtt=0.001 rttvar=0.000 rto=0.025 ready_bytes=0 stalled_bytes=0 freq=11999874 adj=11999695  mcu_temp: temp=24.7 raspberry_pi: temp=32.2 heater_bed: target=0 temp=22.6 pwm=0.000 sysload=1.20 cputime=4.653 memavail=622604 print_time=87.392 buffer_time=0.000 print_stall=0 extruder: target=0 temp=22.5 pwm=0.000
['z']
Stats 84.0: gcodein=0  mcu: mcu_awake=0.040 mcu_task_avg=0.000092 mcu_task_stddev=0.000224 bytes_write=22731 bytes_read=15619 bytes_retransmit=0 bytes_invalid=0 send_seq=922 receive_seq=921 retransmit_seq=0 srtt=0.001 rttvar=0.000 rto=0.025 ready_bytes=0 stalled_bytes=0 freq=12000258 pico: mcu_awake=0.000 mcu_task_avg=0.000003 mcu_task_stddev=0.000003 bytes_write=847 bytes_read=4397 bytes_retransmit=9 bytes_invalid=0 send_seq=116 receive_seq=116 retransmit_seq=2 srtt=0.001 rttvar=0.000 rto=0.025 ready_bytes=0 stalled_bytes=0 freq=11999872 adj=11999695  mcu_temp: temp=24.7 raspberry_pi: temp=32.2 heater_bed: target=0 temp=22.6 pwm=0.000 sysload=1.20 cputime=4.793 memavail=622604 print_time=88.427 buffer_time=0.000 print_stall=0 extruder: target=0 temp=22.5 pwm=0.000
Stats 85.0: gcodein=0  mcu: mcu_awake=0.040 mcu_task_avg=0.000092 mcu_task_stddev=0.000224 bytes_write=24052 bytes_read=16370 bytes_retransmit=0 bytes_invalid=0 send_seq=977 receive_seq=977 retransmit_seq=0 srtt=0.001 rttvar=0.000 rto=0.025 ready_bytes=0 stalled_bytes=0 freq=12000255 pico: mcu_awake=0.000 mcu_task_avg=0.000003 mcu_task_stddev=0.000003 bytes_write=853 bytes_read=4413 bytes_retransmit=9 bytes_invalid=0 send_seq=117 receive_seq=117 retransmit_seq=2 srtt=0.001 rttvar=0.000 rto=0.025 ready_bytes=0 stalled_bytes=0 freq=11999872 adj=11999672  mcu_temp: temp=24.7 raspberry_pi: temp=32.2 heater_bed: target=0 temp=22.6 pwm=0.000 sysload=1.20 cputime=4.935 memavail=622604 print_time=89.427 buffer_time=0.000 print_stall=0 extruder: target=0 temp=22.5 pwm=0.000
Stats 86.0: gcodein=0  mcu: mcu_awake=0.040 mcu_task_avg=0.000092 mcu_task_stddev=0.000224 bytes_write=25685 bytes_read=16944 bytes_retransmit=0 bytes_invalid=0 send_seq=1025 receive_seq=1025 retransmit_seq=0 srtt=0.001 rttvar=0.000 rto=0.025 ready_bytes=0 stalled_bytes=14 freq=12000253 pico: mcu_awake=0.000 mcu_task_avg=0.000003 mcu_task_stddev=0.000003 bytes_write=859 bytes_read=4429 bytes_retransmit=9 bytes_invalid=0 send_seq=118 receive_seq=118 retransmit_seq=2 srtt=0.001 rttvar=0.000 rto=0.025 ready_bytes=0 stalled_bytes=0 freq=11999871 adj=11999674  mcu_temp: temp=24.8 raspberry_pi: temp=32.2 heater_bed: target=0 temp=22.6 pwm=0.000 sysload=1.26 cputime=5.087 memavail=622604 print_time=92.553 buffer_time=2.342 print_stall=0 extruder: target=0 temp=22.5 pwm=0.000
Stats 87.0: gcodein=0  mcu: mcu_awake=0.042 mcu_task_avg=0.000082 mcu_task_stddev=0.000211 bytes_write=26596 bytes_read=17347 bytes_retransmit=0 bytes_invalid=0 send_seq=1055 receive_seq=1055 retransmit_seq=0 srtt=0.001 rttvar=0.000 rto=0.025 ready_bytes=0 stalled_bytes=14 freq=12000253 pico: mcu_awake=0.000 mcu_task_avg=0.000003 mcu_task_stddev=0.000003 bytes_write=865 bytes_read=4445 bytes_retransmit=9 bytes_invalid=0 send_seq=119 receive_seq=119 retransmit_seq=2 srtt=0.001 rttvar=0.000 rto=0.025 ready_bytes=0 stalled_bytes=0 freq=11999871 adj=11999628  mcu_temp: temp=24.9 raspberry_pi: temp=32.2 heater_bed: target=0 temp=22.6 pwm=0.000 sysload=1.26 cputime=5.191 memavail=622604 print_time=92.553 buffer_time=1.341 print_stall=0 extruder: target=0 temp=22.5 pwm=0.000
Stats 88.0: gcodein=0  mcu: mcu_awake=0.042 mcu_task_avg=0.000082 mcu_task_stddev=0.000211 bytes_write=27512 bytes_read=17725 bytes_retransmit=0 bytes_invalid=0 send_seq=1086 receive_seq=1086 retransmit_seq=0 srtt=0.001 rttvar=0.000 rto=0.025 ready_bytes=0 stalled_bytes=14 freq=12000252 pico: mcu_awake=0.000 mcu_task_avg=0.000003 mcu_task_stddev=0.000003 bytes_write=871 bytes_read=4461 bytes_retransmit=9 bytes_invalid=0 send_seq=120 receive_seq=120 retransmit_seq=2 srtt=0.001 rttvar=0.000 rto=0.025 ready_bytes=0 stalled_bytes=0 freq=11999872 adj=11999629  mcu_temp: temp=24.9 raspberry_pi: temp=32.2 heater_bed: target=0 temp=22.6 pwm=0.000 sysload=1.26 cputime=5.295 memavail=622604 print_time=92.553 buffer_time=0.340 print_stall=0 extruder: target=0 temp=22.5 pwm=0.000
Run Current: 0.49A Hold Current: 0.49A
Run Current: 0.49A Hold Current: 0.49A
['x']
Stats 89.0: gcodein=0  mcu: mcu_awake=0.042 mcu_task_avg=0.000082 mcu_task_stddev=0.000211 bytes_write=28959 bytes_read=18620 bytes_retransmit=0 bytes_invalid=0 send_seq=1141 receive_seq=1141 retransmit_seq=0 srtt=0.001 rttvar=0.000 rto=0.025 ready_bytes=0 stalled_bytes=0 freq=12000251 pico: mcu_awake=0.000 mcu_task_avg=0.000003 mcu_task_stddev=0.000003 bytes_write=877 bytes_read=4488 bytes_retransmit=9 bytes_invalid=0 send_seq=121 receive_seq=121 retransmit_seq=2 srtt=0.001 rttvar=0.000 rto=0.025 ready_bytes=0 stalled_bytes=0 freq=11999871 adj=11999638  mcu_temp: temp=25.1 raspberry_pi: temp=32.7 heater_bed: target=0 temp=22.6 pwm=0.000 sysload=1.26 cputime=5.483 memavail=622604 print_time=93.426 buffer_time=0.000 print_stall=0 extruder: target=0 temp=22.5 pwm=0.000
Stats 90.0: gcodein=0  mcu: mcu_awake=0.042 mcu_task_avg=0.000082 mcu_task_stddev=0.000211 bytes_write=30384 bytes_read=19366 bytes_retransmit=0 bytes_invalid=0 send_seq=1193 receive_seq=1193 retransmit_seq=0 srtt=0.001 rttvar=0.000 rto=0.025 ready_bytes=0 stalled_bytes=0 freq=12000251 pico: mcu_awake=0.000 mcu_task_avg=0.000003 mcu_task_stddev=0.000003 bytes_write=883 bytes_read=4504 bytes_retransmit=9 bytes_invalid=0 send_seq=122 receive_seq=122 retransmit_seq=2 srtt=0.001 rttvar=0.000 rto=0.025 ready_bytes=0 stalled_bytes=0 freq=11999871 adj=11999638  mcu_temp: temp=25.2 raspberry_pi: temp=32.7 heater_bed: target=0 temp=22.6 pwm=0.000 sysload=1.26 cputime=5.625 memavail=622604 print_time=94.426 buffer_time=0.000 print_stall=0 extruder: target=0 temp=22.5 pwm=0.000
Stats 91.0: gcodein=0  mcu: mcu_awake=0.042 mcu_task_avg=0.000082 mcu_task_stddev=0.000211 bytes_write=31753 bytes_read=20058 bytes_retransmit=0 bytes_invalid=0 send_seq=1245 receive_seq=1245 retransmit_seq=0 srtt=0.001 rttvar=0.000 rto=0.025 ready_bytes=0 stalled_bytes=14 freq=12000240 pico: mcu_awake=0.000 mcu_task_avg=0.000003 mcu_task_stddev=0.000003 bytes_write=895 bytes_read=4536 bytes_retransmit=9 bytes_invalid=0 send_seq=124 receive_seq=124 retransmit_seq=2 srtt=0.001 rttvar=0.000 rto=0.025 ready_bytes=0 stalled_bytes=0 freq=11999871 adj=11999640  mcu_temp: temp=25.2 raspberry_pi: temp=32.2 heater_bed: target=0 temp=22.5 pwm=0.000 sysload=1.24 cputime=5.771 memavail=622608 print_time=96.348 buffer_time=1.134 print_stall=0 extruder: target=0 temp=22.5 pwm=0.000
Stats 92.0: gcodein=0  mcu: mcu_awake=0.041 mcu_task_avg=0.000098 mcu_task_stddev=0.000230 bytes_write=32669 bytes_read=20480 bytes_retransmit=0 bytes_invalid=0 send_seq=1276 receive_seq=1276 retransmit_seq=0 srtt=0.001 rttvar=0.000 rto=0.025 ready_bytes=0 stalled_bytes=14 freq=12000243 pico: mcu_awake=0.000 mcu_task_avg=0.000003 mcu_task_stddev=0.000003 bytes_write=901 bytes_read=4552 bytes_retransmit=9 bytes_invalid=0 send_seq=125 receive_seq=125 retransmit_seq=2 srtt=0.001 rttvar=0.000 rto=0.025 ready_bytes=0 stalled_bytes=0 freq=11999871 adj=11999522  mcu_temp: temp=25.2 raspberry_pi: temp=33.2 heater_bed: target=0 temp=22.6 pwm=0.000 sysload=1.24 cputime=5.879 memavail=622736 print_time=96.348 buffer_time=0.134 print_stall=0 extruder: target=0 temp=22.5 pwm=0.000
Run Current: 0.70A Hold Current: 0.70A
Run Current: 0.70A Hold Current: 0.70A
Run Current: 0.49A Hold Current: 0.49A
Run Current: 0.49A Hold Current: 0.49A
['y']
Stats 93.0: gcodein=0  mcu: mcu_awake=0.041 mcu_task_avg=0.000098 mcu_task_stddev=0.000230 bytes_write=33851 bytes_read=21227 bytes_retransmit=0 bytes_invalid=0 send_seq=1322 receive_seq=1321 retransmit_seq=0 srtt=0.001 rttvar=0.000 rto=0.025 ready_bytes=0 stalled_bytes=0 freq=12000245 pico: mcu_awake=0.000 mcu_task_avg=0.000003 mcu_task_stddev=0.000003 bytes_write=907 bytes_read=4568 bytes_retransmit=9 bytes_invalid=0 send_seq=126 receive_seq=126 retransmit_seq=2 srtt=0.001 rttvar=0.000 rto=0.025 ready_bytes=0 stalled_bytes=0 freq=11999870 adj=11999502  mcu_temp: temp=25.2 raspberry_pi: temp=32.7 heater_bed: target=0 temp=22.6 pwm=0.000 sysload=1.24 cputime=6.047 memavail=622736 print_time=97.186 buffer_time=0.000 print_stall=0 extruder: target=0 temp=22.5 pwm=0.000
Stats 94.0: gcodein=0  mcu: mcu_awake=0.041 mcu_task_avg=0.000098 mcu_task_stddev=0.000230 bytes_write=35505 bytes_read=22119 bytes_retransmit=0 bytes_invalid=0 send_seq=1388 receive_seq=1388 retransmit_seq=0 srtt=0.001 rttvar=0.000 rto=0.025 ready_bytes=0 stalled_bytes=0 freq=12000245 pico: mcu_awake=0.000 mcu_task_avg=0.000003 mcu_task_stddev=0.000003 bytes_write=913 bytes_read=4595 bytes_retransmit=9 bytes_invalid=0 send_seq=127 receive_seq=127 retransmit_seq=2 srtt=0.001 rttvar=0.000 rto=0.025 ready_bytes=0 stalled_bytes=0 freq=11999871 adj=11999513  mcu_temp: temp=25.3 raspberry_pi: temp=32.2 heater_bed: target=0 temp=22.6 pwm=0.000 sysload=1.24 cputime=6.188 memavail=622736 print_time=98.431 buffer_time=0.000 print_stall=0 extruder: target=0 temp=22.5 pwm=0.000
Stats 95.0: gcodein=0  mcu: mcu_awake=0.041 mcu_task_avg=0.000098 mcu_task_stddev=0.000230 bytes_write=37099 bytes_read=23049 bytes_retransmit=0 bytes_invalid=0 send_seq=1452 receive_seq=1452 retransmit_seq=0 srtt=0.001 rttvar=0.000 rto=0.025 ready_bytes=0 stalled_bytes=14 freq=12000245 pico: mcu_awake=0.000 mcu_task_avg=0.000003 mcu_task_stddev=0.000003 bytes_write=919 bytes_read=4611 bytes_retransmit=9 bytes_invalid=0 send_seq=128 receive_seq=128 retransmit_seq=2 srtt=0.001 rttvar=0.000 rto=0.025 ready_bytes=0 stalled_bytes=0 freq=11999871 adj=11999551  mcu_temp: temp=25.3 raspberry_pi: temp=32.2 heater_bed: target=0 temp=22.6 pwm=0.000 sysload=1.24 cputime=6.360 memavail=622736 print_time=100.651 buffer_time=1.436 print_stall=0 extruder: target=0 temp=22.5 pwm=0.000
Stats 96.0: gcodein=0  mcu: mcu_awake=0.041 mcu_task_avg=0.000098 mcu_task_stddev=0.000230 bytes_write=38015 bytes_read=23429 bytes_retransmit=0 bytes_invalid=0 send_seq=1483 receive_seq=1482 retransmit_seq=0 srtt=0.001 rttvar=0.000 rto=0.025 ready_bytes=0 stalled_bytes=14 freq=12000246 pico: mcu_awake=0.000 mcu_task_avg=0.000003 mcu_task_stddev=0.000003 bytes_write=925 bytes_read=4627 bytes_retransmit=9 bytes_invalid=0 send_seq=129 receive_seq=129 retransmit_seq=2 srtt=0.001 rttvar=0.000 rto=0.025 ready_bytes=0 stalled_bytes=0 freq=11999871 adj=11999593  mcu_temp: temp=25.4 raspberry_pi: temp=33.2 heater_bed: target=0 temp=22.6 pwm=0.000 sysload=1.14 cputime=6.450 memavail=622736 print_time=100.651 buffer_time=0.436 print_stall=0 extruder: target=0 temp=22.5 pwm=0.000
Run Current: 0.70A Hold Current: 0.70A
Run Current: 0.70A Hold Current: 0.70A
Move out of range: 231.000 231.000 107.200 [0.000]
Move out of range: 231.000 231.000 107.200 [0.000]
Stats 97.0: gcodein=0  mcu: mcu_awake=0.040 mcu_task_avg=0.000089 mcu_task_stddev=0.000220 bytes_write=39128 bytes_read=24150 bytes_retransmit=0 bytes_invalid=0 send_seq=1527 receive_seq=1525 retransmit_seq=0 srtt=0.001 rttvar=0.000 rto=0.025 ready_bytes=22 stalled_bytes=0 freq=12000247 pico: mcu_awake=0.000 mcu_task_avg=0.000003 mcu_task_stddev=0.000003 bytes_write=931 bytes_read=4643 bytes_retransmit=9 bytes_invalid=0 send_seq=130 receive_seq=130 retransmit_seq=2 srtt=0.001 rttvar=0.000 rto=0.025 ready_bytes=0 stalled_bytes=0 freq=11999871 adj=11999582  mcu_temp: temp=25.5 raspberry_pi: temp=32.2 heater_bed: target=0 temp=22.6 pwm=0.000 sysload=1.14 cputime=6.615 memavail=622736 print_time=100.919 buffer_time=0.000 print_stall=0 extruder: target=0 temp=22.5 pwm=0.000
Stats 98.0: gcodein=0  mcu: mcu_awake=0.040 mcu_task_avg=0.000089 mcu_task_stddev=0.000220 bytes_write=40034 bytes_read=24665 bytes_retransmit=0 bytes_invalid=0 send_seq=1556 receive_seq=1556 retransmit_seq=0 srtt=0.001 rttvar=0.000 rto=0.025 ready_bytes=0 stalled_bytes=0 freq=12000248 pico: mcu_awake=0.000 mcu_task_avg=0.000003 mcu_task_stddev=0.000003 bytes_write=937 bytes_read=4659 bytes_retransmit=9 bytes_invalid=0 send_seq=131 receive_seq=131 retransmit_seq=2 srtt=0.001 rttvar=0.000 rto=0.025 ready_bytes=0 stalled_bytes=0 freq=11999871 adj=11999585  mcu_temp: temp=25.8 raspberry_pi: temp=32.2 heater_bed: target=0 temp=22.6 pwm=0.000 sysload=1.14 cputime=6.727 memavail=622736 print_time=100.919 buffer_time=0.000 print_stall=0 extruder: target=0 temp=22.5 pwm=0.000
Stats 99.0: gcodein=0  mcu: mcu_awake=0.040 mcu_task_avg=0.000089 mcu_task_stddev=0.000220 bytes_write=41019 bytes_read=25181 bytes_retransmit=0 bytes_invalid=0 send_seq=1590 receive_seq=1590 retransmit_seq=0 srtt=0.001 rttvar=0.000 rto=0.025 ready_bytes=0 stalled_bytes=0 freq=12000248 pico: mcu_awake=0.000 mcu_task_avg=0.000003 mcu_task_stddev=0.000003 bytes_write=943 bytes_read=4686 bytes_retransmit=9 bytes_invalid=0 send_seq=132 receive_seq=132 retransmit_seq=2 srtt=0.001 rttvar=0.000 rto=0.025 ready_bytes=0 stalled_bytes=0 freq=11999871 adj=11999589  mcu_temp: temp=25.9 raspberry_pi: temp=32.7 heater_bed: target=0 temp=22.5 pwm=0.000 sysload=1.14 cputime=6.843 memavail=622736 print_time=100.919 buffer_time=0.000 print_stall=0 extruder: target=0 temp=22.5 pwm=0.000
Stats 100.0: gcodein=0  mcu: mcu_awake=0.040 mcu_task_avg=0.000089 mcu_task_stddev=0.000220 bytes_write=41999 bytes_read=25677 bytes_retransmit=0 bytes_invalid=0 send_seq=1623 receive_seq=1623 retransmit_seq=0 srtt=0.001 rttvar=0.000 rto=0.025 ready_bytes=0 stalled_bytes=0 freq=12000242 pico: mcu_awake=0.000 mcu_task_avg=0.000003 mcu_task_stddev=0.000003 bytes_write=949 bytes_read=4702 bytes_retransmit=9 bytes_invalid=0 send_seq=133 receive_seq=133 retransmit_seq=2 srtt=0.001 rttvar=0.000 rto=0.025 ready_bytes=0 stalled_bytes=0 freq=11999871 adj=11999594  mcu_temp: temp=26.0 raspberry_pi: temp=32.2 heater_bed: target=0 temp=22.6 pwm=0.000 sysload=1.14 cputime=6.960 memavail=622736 print_time=100.919 buffer_time=0.000 print_stall=0 extruder: target=0 temp=22.5 pwm=0.000
Stats 101.0: gcodein=0  mcu: mcu_awake=0.040 mcu_task_avg=0.000089 mcu_task_stddev=0.000220 bytes_write=42999 bytes_read=26222 bytes_retransmit=0 bytes_invalid=0 send_seq=1660 receive_seq=1660 retransmit_seq=0 srtt=0.001 rttvar=0.000 rto=0.025 ready_bytes=0 stalled_bytes=0 freq=12000243 pico: mcu_awake=0.000 mcu_task_avg=0.000003 mcu_task_stddev=0.000003 bytes_write=955 bytes_read=4718 bytes_retransmit=9 bytes_invalid=0 send_seq=134 receive_seq=134 retransmit_seq=2 srtt=0.001 rttvar=0.000 rto=0.025 ready_bytes=0 stalled_bytes=0 freq=11999871 adj=11999651  mcu_temp: temp=26.1 raspberry_pi: temp=33.2 heater_bed: target=0 temp=22.6 pwm=0.000 sysload=1.13 cputime=7.075 memavail=621996 print_time=100.919 buffer_time=0.000 print_stall=0 extruder: target=0 temp=22.5 pwm=0.000
Stats 102.0: gcodein=0  mcu: mcu_awake=0.039 mcu_task_avg=0.000109 mcu_task_stddev=0.000243 bytes_write=43989 bytes_read=26758 bytes_retransmit=0 bytes_invalid=0 send_seq=1695 receive_seq=1695 retransmit_seq=0 srtt=0.001 rttvar=0.000 rto=0.025 ready_bytes=0 stalled_bytes=0 freq=12000244 pico: mcu_awake=0.000 mcu_task_avg=0.000003 mcu_task_stddev=0.000003 bytes_write=961 bytes_read=4734 bytes_retransmit=9 bytes_invalid=0 send_seq=135 receive_seq=135 retransmit_seq=2 srtt=0.001 rttvar=0.000 rto=0.025 ready_bytes=0 stalled_bytes=0 freq=11999871 adj=11999633  mcu_temp: temp=26.1 raspberry_pi: temp=32.7 heater_bed: target=0 temp=22.6 pwm=0.000 sysload=1.13 cputime=7.194 memavail=622124 print_time=100.919 buffer_time=0.000 print_stall=0 extruder: target=0 temp=22.5 pwm=0.000
Stats 103.0: gcodein=0  mcu: mcu_awake=0.039 mcu_task_avg=0.000109 mcu_task_stddev=0.000243 bytes_write=44984 bytes_read=27269 bytes_retransmit=0 bytes_invalid=0 send_seq=1731 receive_seq=1731 retransmit_seq=0 srtt=0.001 rttvar=0.000 rto=0.025 ready_bytes=0 stalled_bytes=0 freq=12000245 pico: mcu_awake=0.000 mcu_task_avg=0.000003 mcu_task_stddev=0.000003 bytes_write=967 bytes_read=4750 bytes_retransmit=9 bytes_invalid=0 send_seq=136 receive_seq=136 retransmit_seq=2 srtt=0.001 rttvar=0.000 rto=0.025 ready_bytes=0 stalled_bytes=0 freq=11999871 adj=11999624  mcu_temp: temp=26.1 raspberry_pi: temp=32.7 heater_bed: target=0 temp=22.6 pwm=0.000 sysload=1.13 cputime=7.312 memavail=622124 print_time=100.919 buffer_time=0.000 print_stall=0 extruder: target=0 temp=22.5 pwm=0.000
Stats 104.0: gcodein=0  mcu: mcu_awake=0.039 mcu_task_avg=0.000109 mcu_task_stddev=0.000243 bytes_write=45974 bytes_read=27804 bytes_retransmit=0 bytes_invalid=0 send_seq=1766 receive_seq=1766 retransmit_seq=0 srtt=0.001 rttvar=0.000 rto=0.025 ready_bytes=0 stalled_bytes=0 freq=12000246 pico: mcu_awake=0.000 mcu_task_avg=0.000003 mcu_task_stddev=0.000003 bytes_write=973 bytes_read=4777 bytes_retransmit=9 bytes_invalid=0 send_seq=137 receive_seq=137 retransmit_seq=2 srtt=0.001 rttvar=0.000 rto=0.025 ready_bytes=0 stalled_bytes=0 freq=11999872 adj=11999622  mcu_temp: temp=26.1 raspberry_pi: temp=33.2 heater_bed: target=0 temp=22.6 pwm=0.000 sysload=1.13 cputime=7.438 memavail=622132 print_time=100.919 buffer_time=0.000 print_stall=0 extruder: target=0 temp=22.5 pwm=0.000
Stats 105.0: gcodein=0  mcu: mcu_awake=0.039 mcu_task_avg=0.000109 mcu_task_stddev=0.000243 bytes_write=46964 bytes_read=28325 bytes_retransmit=0 bytes_invalid=0 send_seq=1801 receive_seq=1801 retransmit_seq=0 srtt=0.001 rttvar=0.000 rto=0.025 ready_bytes=0 stalled_bytes=0 freq=12000247 pico: mcu_awake=0.000 mcu_task_avg=0.000003 mcu_task_stddev=0.000003 bytes_write=979 bytes_read=4793 bytes_retransmit=9 bytes_invalid=0 send_seq=138 receive_seq=138 retransmit_seq=2 srtt=0.001 rttvar=0.000 rto=0.025 ready_bytes=0 stalled_bytes=0 freq=11999872 adj=11999621  mcu_temp: temp=26.1 raspberry_pi: temp=32.7 heater_bed: target=0 temp=22.6 pwm=0.000 sysload=1.13 cputime=7.559 memavail=622136 print_time=100.919 buffer_time=0.000 print_stall=0 extruder: target=0 temp=22.5 pwm=0.000
Stats 106.0: gcodein=0  mcu: mcu_awake=0.039 mcu_task_avg=0.000109 mcu_task_stddev=0.000243 bytes_write=47967 bytes_read=28844 bytes_retransmit=0 bytes_invalid=0 send_seq=1838 receive_seq=1837 retransmit_seq=0 srtt=0.001 rttvar=0.000 rto=0.025 ready_bytes=0 stalled_bytes=0 freq=12000248 pico: mcu_awake=0.000 mcu_task_avg=0.000003 mcu_task_stddev=0.000003 bytes_write=985 bytes_read=4809 bytes_retransmit=9 bytes_invalid=0 send_seq=139 receive_seq=139 retransmit_seq=2 srtt=0.001 rttvar=0.000 rto=0.025 ready_bytes=0 stalled_bytes=0 freq=11999872 adj=11999617  mcu_temp: temp=26.2 raspberry_pi: temp=32.2 heater_bed: target=0 temp=22.6 pwm=0.000 sysload=1.04 cputime=7.679 memavail=622136 print_time=100.919 buffer_time=0.000 print_stall=0 extruder: target=0 temp=22.5 pwm=0.000
